mode: set
booking_api/internal/apperror/errors.go:11.35,12.18 1 1
booking_api/internal/apperror/errors.go:12.18,14.3 1 1
booking_api/internal/apperror/errors.go:15.2,15.18 1 1
booking_api/internal/apperror/errors.go:18.35,20.2 1 1
booking_api/internal/apperror/errors.go:22.40,24.2 1 1
booking_api/internal/apperror/errors.go:26.40,28.2 1 1
booking_api/internal/apperror/errors.go:30.42,32.2 1 1
booking_api/internal/apperror/errors.go:34.51,36.2 1 1
booking_api/internal/apperror/errors.go:38.41,40.2 1 1
booking_api/internal/realtime/seat_hub.go:14.28,18.2 1 1
booking_api/internal/realtime/seat_hub.go:20.63,26.38 4 1
booking_api/internal/realtime/seat_hub.go:26.38,28.3 1 1
booking_api/internal/realtime/seat_hub.go:29.2,31.11 2 1
booking_api/internal/realtime/seat_hub.go:34.69,38.66 3 1
booking_api/internal/realtime/seat_hub.go:38.66,40.28 2 1
booking_api/internal/realtime/seat_hub.go:40.28,42.4 1 1
booking_api/internal/realtime/seat_hub.go:44.2,44.11 1 1
booking_api/internal/realtime/seat_hub.go:47.67,51.44 3 1
booking_api/internal/realtime/seat_hub.go:51.44,52.10 1 1
booking_api/internal/realtime/seat_hub.go:53.22,53.22 0 1
booking_api/internal/realtime/seat_hub.go:54.11,54.11 0 1
booking_api/internal/realtime/seat_hub.go:59.45,64.32 4 1
booking_api/internal/realtime/seat_hub.go:64.32,66.3 1 1
booking_api/internal/realtime/seat_hub.go:67.2,67.12 1 1
booking_api/internal/infrastructure/database/postgresql.go:25.60,26.20 1 1
booking_api/internal/infrastructure/database/postgresql.go:26.20,28.3 1 1
booking_api/internal/infrastructure/database/postgresql.go:30.2,30.23 1 1
booking_api/internal/infrastructure/database/postgresql.go:30.23,32.3 1 1
booking_api/internal/infrastructure/database/postgresql.go:34.2,47.16 3 1
booking_api/internal/infrastructure/database/postgresql.go:47.16,49.3 1 1
booking_api/internal/infrastructure/database/postgresql.go:51.2,52.16 2 0
booking_api/internal/infrastructure/database/postgresql.go:52.16,54.3 1 0
booking_api/internal/infrastructure/database/postgresql.go:56.2,60.37 4 0
booking_api/internal/infrastructure/database/postgresql.go:60.37,62.3 1 0
booking_api/internal/infrastructure/database/postgresql.go:64.2,64.16 1 0
booking_api/internal/models/base.go:17.48,18.22 1 1
booking_api/internal/models/base.go:18.22,20.3 1 1
booking_api/internal/models/base.go:21.2,21.12 1 1
booking_api/internal/models/bookings.go:83.39,85.2 1 1
booking_api/internal/models/bookings.go:87.48,92.28 3 1
booking_api/internal/models/bookings.go:92.28,101.3 2 1
booking_api/internal/models/bookings.go:103.2,112.3 1 1
booking_api/internal/infrastructure/redislock/seat_locker.go:48.42,54.2 1 1
booking_api/internal/infrastructure/redislock/seat_locker.go:57.60,58.19 1 1
booking_api/internal/infrastructure/redislock/seat_locker.go:58.19,60.3 1 1
booking_api/internal/infrastructure/redislock/seat_locker.go:61.2,61.31 1 1
booking_api/internal/infrastructure/redislock/seat_locker.go:64.73,65.14 1 1
booking_api/internal/infrastructure/redislock/seat_locker.go:65.14,67.3 1 1
booking_api/internal/infrastructure/redislock/seat_locker.go:69.2,72.3 1 1
booking_api/internal/infrastructure/redislock/seat_locker.go:75.124,78.16 3 1
booking_api/internal/infrastructure/redislock/seat_locker.go:78.16,80.3 1 1
booking_api/internal/infrastructure/redislock/seat_locker.go:82.2,82.25 1 1
booking_api/internal/infrastructure/redislock/seat_locker.go:85.118,88.2 2 1
booking_api/internal/infrastructure/redislock/seat_locker.go:90.36,92.2 1 1
booking_api/internal/infrastructure/redislock/seat_locker.go:94.67,96.33 2 1
booking_api/internal/infrastructure/redislock/seat_locker.go:96.33,98.3 1 1
booking_api/internal/infrastructure/redislock/seat_locker.go:99.2,99.13 1 1
booking_api/internal/infrastructure/logger/logger.go:14.49,16.16 2 1
booking_api/internal/infrastructure/logger/logger.go:16.16,18.3 1 1
booking_api/internal/infrastructure/logger/logger.go:20.2,48.20 5 1
booking_api/internal/services/bookings_services.go:44.18,46.2 1 1
booking_api/internal/services/bookings_services.go:52.18,58.2 1 1
booking_api/internal/services/bookings_services.go:63.33,65.28 2 1
booking_api/internal/services/bookings_services.go:65.28,67.3 1 1
booking_api/internal/services/bookings_services.go:68.2,68.14 1 1
booking_api/internal/services/bookings_services.go:73.92,78.46 3 1
booking_api/internal/services/bookings_services.go:78.46,80.3 1 1
booking_api/internal/services/bookings_services.go:81.2,86.25 4 1
booking_api/internal/services/bookings_services.go:86.25,92.21 5 1
booking_api/internal/services/bookings_services.go:92.21,95.4 2 1
booking_api/internal/services/bookings_services.go:96.3,96.14 1 1
booking_api/internal/services/bookings_services.go:96.14,99.4 2 1
booking_api/internal/services/bookings_services.go:101.3,101.16 1 1
booking_api/internal/services/bookings_services.go:101.16,104.96 3 1
booking_api/internal/services/bookings_services.go:104.96,106.5 1 1
booking_api/internal/services/bookings_services.go:110.2,113.42 3 1
booking_api/internal/services/bookings_services.go:113.42,115.17 2 1
booking_api/internal/services/bookings_services.go:115.17,116.9 1 1
booking_api/internal/services/bookings_services.go:119.3,119.22 1 1
booking_api/internal/services/bookings_services.go:119.22,121.12 2 1
booking_api/internal/services/bookings_services.go:124.3,125.58 2 1
booking_api/internal/services/bookings_services.go:128.2,128.16 1 1
booking_api/internal/services/bookings_services.go:128.16,130.3 1 1
booking_api/internal/services/bookings_services.go:132.2,134.29 2 1
booking_api/internal/services/bookings_services.go:139.92,145.42 4 1
booking_api/internal/services/bookings_services.go:145.42,147.17 2 1
booking_api/internal/services/bookings_services.go:147.17,148.9 1 1
booking_api/internal/services/bookings_services.go:151.3,151.22 1 1
booking_api/internal/services/bookings_services.go:151.22,153.12 2 1
booking_api/internal/services/bookings_services.go:156.3,157.18 2 1
booking_api/internal/services/bookings_services.go:160.2,160.16 1 1
booking_api/internal/services/bookings_services.go:160.16,162.3 1 1
booking_api/internal/services/bookings_services.go:164.2,166.29 2 1
booking_api/internal/services/bookings_services.go:171.67,175.16 3 1
booking_api/internal/services/bookings_services.go:175.16,178.3 2 1
booking_api/internal/services/bookings_services.go:180.2,181.12 2 1
booking_api/internal/services/bookings_services.go:186.88,190.16 3 1
booking_api/internal/services/bookings_services.go:190.16,192.3 1 1
booking_api/internal/services/bookings_services.go:194.2,194.29 1 1
booking_api/internal/services/bookings_services.go:199.120,207.16 3 1
booking_api/internal/services/bookings_services.go:207.16,209.3 1 1
booking_api/internal/services/bookings_services.go:211.2,212.35 2 1
booking_api/internal/services/bookings_services.go:212.35,214.3 1 1
booking_api/internal/services/bookings_services.go:216.2,216.30 1 1
booking_api/internal/services/bookings_services.go:221.97,225.16 3 1
booking_api/internal/services/bookings_services.go:225.16,227.3 1 1
booking_api/internal/services/bookings_services.go:229.2,234.26 2 1
booking_api/internal/services/bookings_services.go:234.26,247.19 4 1
booking_api/internal/services/bookings_services.go:248.43,249.24 1 1
booking_api/internal/services/bookings_services.go:250.41,251.22 1 1
booking_api/internal/services/bookings_services.go:252.38,253.19 1 1
booking_api/internal/services/bookings_services.go:257.2,257.22 1 1
booking_api/internal/services/bookings_services.go:262.63,266.16 3 1
booking_api/internal/services/bookings_services.go:266.16,269.3 2 1
booking_api/internal/services/bookings_services.go:271.2,272.19 2 1
booking_api/internal/services/bookings_services.go:277.83,280.2 2 1
booking_api/internal/server/server.go:28.50,36.41 4 1
booking_api/internal/server/server.go:36.41,37.30 1 1
booking_api/internal/server/server.go:37.30,40.4 2 1
booking_api/internal/server/server.go:41.3,41.32 1 1
booking_api/internal/server/server.go:44.2,53.53 5 1
booking_api/internal/server/server.go:53.53,55.4 1 0
booking_api/internal/server/server.go:58.2,58.10 1 1
booking_api/internal/server/server.go:61.36,62.81 1 1
booking_api/internal/server/server.go:62.81,64.3 1 1
booking_api/internal/server/server.go:65.2,65.12 1 0
booking_api/internal/server/server.go:68.58,72.47 3 1
booking_api/internal/server/server.go:72.47,74.3 1 0
booking_api/internal/server/server.go:76.2,76.12 1 1
booking_api/internal/server/server.go:79.36,84.24 4 1
booking_api/internal/server/server.go:84.24,86.3 1 1
booking_api/internal/server/server.go:88.2,88.47 1 1
booking_api/internal/server/server.go:88.47,90.3 1 0
booking_api/internal/server/server.go:92.2,92.12 1 1
booking_api/internal/server/server.go:95.43,97.2 1 1
booking_api/internal/server/server.go:99.42,100.28 1 1
booking_api/internal/server/server.go:100.28,102.3 1 1
booking_api/internal/middleware/auth.go:29.50,30.30 1 1
booking_api/internal/middleware/auth.go:30.30,31.51 1 1
booking_api/internal/middleware/auth.go:31.51,34.4 2 0
booking_api/internal/middleware/auth.go:36.3,37.47 2 1
booking_api/internal/middleware/auth.go:37.47,43.4 2 1
booking_api/internal/middleware/auth.go:45.3,48.102 3 1
booking_api/internal/middleware/auth.go:48.102,49.72 1 1
booking_api/internal/middleware/auth.go:49.72,51.5 1 1
booking_api/internal/middleware/auth.go:52.4,52.37 1 1
booking_api/internal/middleware/auth.go:54.3,54.60 1 1
booking_api/internal/middleware/auth.go:54.60,60.4 2 1
booking_api/internal/middleware/auth.go:62.3,63.17 2 1
booking_api/internal/middleware/auth.go:63.17,69.4 2 1
booking_api/internal/middleware/auth.go:71.3,73.11 3 1
booking_api/internal/middleware/auth.go:77.37,78.30 1 1
booking_api/internal/middleware/auth.go:78.30,80.22 2 1
booking_api/internal/middleware/auth.go:80.22,86.4 2 1
booking_api/internal/middleware/auth.go:87.3,87.11 1 1
booking_api/internal/middleware/auth.go:91.54,93.29 2 1
booking_api/internal/middleware/auth.go:93.29,95.3 1 1
booking_api/internal/middleware/auth.go:96.2,96.30 1 1
booking_api/internal/middleware/auth.go:96.30,98.34 2 1
booking_api/internal/middleware/auth.go:98.34,104.4 2 1
booking_api/internal/middleware/auth.go:105.3,105.11 1 1
booking_api/internal/middleware/auth.go:109.50,111.9 2 1
booking_api/internal/middleware/auth.go:111.9,113.3 1 1
booking_api/internal/middleware/auth.go:114.2,115.15 2 1
booking_api/internal/middleware/auth.go:118.37,120.9 2 1
booking_api/internal/middleware/auth.go:120.9,122.3 1 1
booking_api/internal/middleware/auth.go:123.2,124.13 2 1
booking_api/internal/middleware/middleware.go:11.56,12.30 1 1
booking_api/internal/middleware/middleware.go:12.30,32.20 8 1
booking_api/internal/middleware/middleware.go:32.20,34.4 1 1
booking_api/internal/middleware/middleware.go:34.9,34.27 1 1
booking_api/internal/middleware/middleware.go:34.27,36.4 1 0
booking_api/internal/middleware/middleware.go:36.9,38.4 1 1
booking_api/internal/middleware/middleware.go:42.29,43.30 1 1
booking_api/internal/middleware/middleware.go:43.30,50.45 6 1
booking_api/internal/middleware/middleware.go:50.45,53.4 2 1
booking_api/internal/middleware/middleware.go:55.3,55.11 1 1
booking_api/internal/middleware/middleware.go:59.34,60.30 1 1
booking_api/internal/middleware/middleware.go:60.30,62.22 2 1
booking_api/internal/middleware/middleware.go:62.22,64.4 1 1
booking_api/internal/middleware/middleware.go:65.3,67.11 3 1
booking_api/internal/middleware/middleware.go:71.33,73.2 1 1
booking_api/internal/middleware/middleware.go:75.33,78.19 3 1
booking_api/internal/middleware/middleware.go:78.19,81.3 2 1
booking_api/internal/middleware/middleware.go:82.2,82.18 1 1
booking_api/internal/config/config.go:26.25,65.2 3 1
booking_api/internal/config/config.go:67.63,68.17 1 1
booking_api/internal/config/config.go:68.17,70.3 1 1
booking_api/internal/config/config.go:71.2,71.14 1 1
booking_api/internal/handler/booking_handler.go:31.93,39.2 1 1
booking_api/internal/handler/booking_handler.go:41.75,42.12 1 1
booking_api/internal/handler/booking_handler.go:42.12,46.7 3 1
booking_api/internal/handler/booking_handler.go:46.7,47.11 1 1
booking_api/internal/handler/booking_handler.go:48.20,50.19 2 1
booking_api/internal/handler/booking_handler.go:50.19,52.14 2 1
booking_api/internal/handler/booking_handler.go:54.5,54.19 1 1
booking_api/internal/handler/booking_handler.go:54.19,55.14 1 0
booking_api/internal/handler/booking_handler.go:57.5,57.56 1 1
booking_api/internal/handler/booking_handler.go:57.56,59.6 1 1
booking_api/internal/handler/booking_handler.go:60.26,61.11 1 1
booking_api/internal/handler/booking_handler.go:67.52,68.27 1 1
booking_api/internal/handler/booking_handler.go:68.27,70.3 1 1
booking_api/internal/handler/booking_handler.go:73.62,75.2 2 1
booking_api/internal/handler/booking_handler.go:75.2,82.3 6 1
booking_api/internal/handler/booking_handler.go:84.2,85.2 2 1
booking_api/internal/handler/booking_handler.go:85.2,88.3 2 1
booking_api/internal/handler/booking_handler.go:90.2,91.2 2 1
booking_api/internal/handler/booking_handler.go:91.2,93.3 1 1
booking_api/internal/handler/booking_handler.go:108.52,110.47 2 1
booking_api/internal/handler/booking_handler.go:110.47,116.3 2 1
booking_api/internal/handler/booking_handler.go:117.2,118.9 2 1
booking_api/internal/handler/booking_handler.go:118.9,124.3 2 1
booking_api/internal/handler/booking_handler.go:125.2,128.16 3 1
booking_api/internal/handler/booking_handler.go:128.16,131.3 2 1
booking_api/internal/handler/booking_handler.go:133.2,137.34 2 1
booking_api/internal/handler/booking_handler.go:153.57,155.16 2 1
booking_api/internal/handler/booking_handler.go:155.16,161.3 2 0
booking_api/internal/handler/booking_handler.go:163.2,164.15 2 1
booking_api/internal/handler/booking_handler.go:164.15,170.3 2 0
booking_api/internal/handler/booking_handler.go:172.2,173.16 2 1
booking_api/internal/handler/booking_handler.go:173.16,176.3 2 1
booking_api/internal/handler/booking_handler.go:177.2,177.79 1 1
booking_api/internal/handler/booking_handler.go:177.79,183.3 2 1
booking_api/internal/handler/booking_handler.go:185.2,186.16 2 1
booking_api/internal/handler/booking_handler.go:186.16,189.3 2 1
booking_api/internal/handler/booking_handler.go:191.2,196.77 2 1
booking_api/internal/handler/booking_handler.go:196.77,198.3 1 1
booking_api/internal/handler/booking_handler.go:214.56,216.16 2 1
booking_api/internal/handler/booking_handler.go:216.16,222.3 2 0
booking_api/internal/handler/booking_handler.go:224.2,225.15 2 1
booking_api/internal/handler/booking_handler.go:225.15,231.3 2 1
booking_api/internal/handler/booking_handler.go:233.2,234.16 2 1
booking_api/internal/handler/booking_handler.go:234.16,237.3 2 0
booking_api/internal/handler/booking_handler.go:238.2,238.79 1 1
booking_api/internal/handler/booking_handler.go:238.79,244.3 2 1
booking_api/internal/handler/booking_handler.go:246.2,246.59 1 1
booking_api/internal/handler/booking_handler.go:246.59,249.3 2 1
booking_api/internal/handler/booking_handler.go:251.2,255.77 2 1
booking_api/internal/handler/booking_handler.go:255.77,257.3 1 1
booking_api/internal/handler/booking_handler.go:271.53,273.16 2 1
booking_api/internal/handler/booking_handler.go:273.16,279.3 2 1
booking_api/internal/handler/booking_handler.go:281.2,282.15 2 1
booking_api/internal/handler/booking_handler.go:282.15,288.3 2 1
booking_api/internal/handler/booking_handler.go:290.2,291.16 2 1
booking_api/internal/handler/booking_handler.go:291.16,294.3 2 0
booking_api/internal/handler/booking_handler.go:295.2,295.79 1 1
booking_api/internal/handler/booking_handler.go:295.79,301.3 2 1
booking_api/internal/handler/booking_handler.go:303.2,305.4 1 1
booking_api/internal/handler/booking_handler.go:320.60,322.16 2 1
booking_api/internal/handler/booking_handler.go:322.16,328.3 2 1
booking_api/internal/handler/booking_handler.go:329.2,330.15 2 1
booking_api/internal/handler/booking_handler.go:330.15,336.3 2 1
booking_api/internal/handler/booking_handler.go:337.2,337.62 1 1
booking_api/internal/handler/booking_handler.go:337.62,343.3 2 1
booking_api/internal/handler/booking_handler.go:345.2,346.55 2 1
booking_api/internal/handler/booking_handler.go:346.55,352.3 2 1
booking_api/internal/handler/booking_handler.go:354.2,355.16 2 1
booking_api/internal/handler/booking_handler.go:355.16,358.3 2 0
booking_api/internal/handler/booking_handler.go:360.2,368.4 2 1
booking_api/internal/handler/booking_handler.go:381.57,383.16 2 1
booking_api/internal/handler/booking_handler.go:383.16,389.3 2 1
booking_api/internal/handler/booking_handler.go:391.2,392.16 2 1
booking_api/internal/handler/booking_handler.go:392.16,395.3 2 1
booking_api/internal/handler/booking_handler.go:397.2,399.4 1 1
booking_api/internal/handler/booking_handler.go:405.42,407.3 1 1
booking_api/internal/handler/booking_handler.go:416.60,418.16 2 1
booking_api/internal/handler/booking_handler.go:418.16,424.3 2 1
booking_api/internal/handler/booking_handler.go:426.2,427.16 2 1
booking_api/internal/handler/booking_handler.go:427.16,430.3 2 1
booking_api/internal/handler/booking_handler.go:431.2,436.65 4 1
booking_api/internal/handler/booking_handler.go:436.65,437.75 1 1
booking_api/internal/handler/booking_handler.go:437.75,439.4 1 0
booking_api/internal/handler/booking_handler.go:440.8,442.3 1 1
booking_api/internal/handler/booking_handler.go:444.2,445.12 2 1
booking_api/internal/handler/booking_handler.go:445.12,447.7 2 1
booking_api/internal/handler/booking_handler.go:447.7,448.51 1 1
booking_api/internal/handler/booking_handler.go:448.51,450.5 1 1
booking_api/internal/handler/booking_handler.go:454.2,457.6 3 1
booking_api/internal/handler/booking_handler.go:457.6,458.10 1 1
booking_api/internal/handler/booking_handler.go:459.15,460.10 1 1
booking_api/internal/handler/booking_handler.go:461.29,462.76 1 1
booking_api/internal/handler/booking_handler.go:462.76,464.5 1 0
booking_api/internal/handler/booking_handler.go:465.23,466.72 1 0
booking_api/internal/handler/booking_handler.go:466.72,468.5 1 0
booking_api/internal/handler/booking_handler.go:482.62,484.16 2 1
booking_api/internal/handler/booking_handler.go:484.16,487.3 2 1
booking_api/internal/handler/booking_handler.go:489.2,494.53 2 1
booking_api/internal/handler/booking_handler.go:494.53,496.3 1 0
booking_api/internal/handler/booking_handler.go:510.60,512.16 2 1
booking_api/internal/handler/booking_handler.go:512.16,515.3 2 1
booking_api/internal/handler/booking_handler.go:517.2,519.4 1 1
booking_api/internal/handler/booking_handler.go:522.63,524.16 2 1
booking_api/internal/handler/booking_handler.go:524.16,527.3 2 1
booking_api/internal/handler/booking_handler.go:528.2,528.42 1 1
booking_api/internal/handler/booking_handler.go:531.82,533.16 2 1
booking_api/internal/handler/booking_handler.go:533.16,535.3 1 1
booking_api/internal/handler/booking_handler.go:537.2,540.4 1 1
booking_api/internal/handler/booking_handler.go:545.65,547.29 2 1
booking_api/internal/handler/booking_handler.go:547.29,553.3 2 1
booking_api/internal/handler/booking_handler.go:555.2,559.4 2 1
booking_api/internal/repository/booking_repository.go:34.78,39.2 1 1
booking_api/internal/repository/booking_repository.go:41.97,51.16 4 1
booking_api/internal/repository/booking_repository.go:51.16,53.3 1 1
booking_api/internal/repository/booking_repository.go:55.2,55.23 1 1
booking_api/internal/repository/booking_repository.go:55.23,58.35 1 1
booking_api/internal/repository/booking_repository.go:58.35,63.4 3 1
booking_api/internal/repository/booking_repository.go:66.2,66.19 1 1
booking_api/internal/repository/booking_repository.go:71.90,74.50 2 1
booking_api/internal/repository/booking_repository.go:74.50,97.35 4 1
booking_api/internal/repository/booking_repository.go:97.35,99.4 1 1
booking_api/internal/repository/booking_repository.go:101.3,101.37 1 1
booking_api/internal/repository/booking_repository.go:101.37,113.41 2 1
booking_api/internal/repository/booking_repository.go:113.41,115.5 1 0
booking_api/internal/repository/booking_repository.go:117.4,117.28 1 1
booking_api/internal/repository/booking_repository.go:117.28,119.5 1 0
booking_api/internal/repository/booking_repository.go:121.4,122.36 2 1
booking_api/internal/repository/booking_repository.go:122.36,123.28 1 1
booking_api/internal/repository/booking_repository.go:123.28,125.14 2 0
booking_api/internal/repository/booking_repository.go:127.5,127.102 1 1
booking_api/internal/repository/booking_repository.go:130.4,132.5 1 1
booking_api/internal/repository/booking_repository.go:135.3,142.50 2 1
booking_api/internal/repository/booking_repository.go:142.50,144.4 1 0
booking_api/internal/repository/booking_repository.go:146.3,147.27 2 1
booking_api/internal/repository/booking_repository.go:147.27,149.4 1 1
booking_api/internal/repository/booking_repository.go:151.3,157.25 1 1
booking_api/internal/repository/booking_repository.go:157.25,159.4 1 0
booking_api/internal/repository/booking_repository.go:161.3,164.38 2 1
booking_api/internal/repository/booking_repository.go:164.38,166.4 1 0
booking_api/internal/repository/booking_repository.go:168.3,169.30 2 1
booking_api/internal/repository/booking_repository.go:169.30,171.4 1 1
booking_api/internal/repository/booking_repository.go:173.3,174.27 2 1
booking_api/internal/repository/booking_repository.go:174.27,176.11 2 1
booking_api/internal/repository/booking_repository.go:176.11,180.5 1 1
booking_api/internal/repository/booking_repository.go:182.4,186.6 1 1
booking_api/internal/repository/booking_repository.go:189.3,189.49 1 1
booking_api/internal/repository/booking_repository.go:189.49,191.4 1 0
booking_api/internal/repository/booking_repository.go:193.3,195.59 1 1
booking_api/internal/repository/booking_repository.go:195.59,197.4 1 0
booking_api/internal/repository/booking_repository.go:199.3,199.13 1 1
booking_api/internal/repository/booking_repository.go:202.2,202.21 1 1
booking_api/internal/repository/booking_repository.go:207.90,210.50 2 1
booking_api/internal/repository/booking_repository.go:210.50,214.82 1 1
booking_api/internal/repository/booking_repository.go:214.82,215.37 1 1
booking_api/internal/repository/booking_repository.go:215.37,217.5 1 1
booking_api/internal/repository/booking_repository.go:218.4,218.14 1 0
booking_api/internal/repository/booking_repository.go:221.3,221.52 1 1
booking_api/internal/repository/booking_repository.go:221.52,225.4 1 1
booking_api/internal/repository/booking_repository.go:227.3,228.64 2 1
booking_api/internal/repository/booking_repository.go:228.64,230.4 1 1
booking_api/internal/repository/booking_repository.go:232.3,237.24 1 1
booking_api/internal/repository/booking_repository.go:237.24,239.4 1 0
booking_api/internal/repository/booking_repository.go:241.3,242.38 2 1
booking_api/internal/repository/booking_repository.go:242.38,244.4 1 1
booking_api/internal/repository/booking_repository.go:246.3,251.25 1 1
booking_api/internal/repository/booking_repository.go:251.25,253.4 1 0
booking_api/internal/repository/booking_repository.go:255.3,258.13 3 1
booking_api/internal/repository/booking_repository.go:261.2,261.16 1 1
booking_api/internal/repository/booking_repository.go:261.16,263.3 1 1
booking_api/internal/repository/booking_repository.go:265.2,265.22 1 1
booking_api/internal/repository/booking_repository.go:270.89,273.50 2 1
booking_api/internal/repository/booking_repository.go:273.50,277.82 1 1
booking_api/internal/repository/booking_repository.go:277.82,278.37 1 1
booking_api/internal/repository/booking_repository.go:278.37,280.5 1 1
booking_api/internal/repository/booking_repository.go:281.4,281.14 1 0
booking_api/internal/repository/booking_repository.go:284.3,284.53 1 1
booking_api/internal/repository/booking_repository.go:284.53,286.4 1 1
booking_api/internal/repository/booking_repository.go:288.3,288.52 1 1
booking_api/internal/repository/booking_repository.go:288.52,290.4 1 1
booking_api/internal/repository/booking_repository.go:292.3,292.52 1 1
booking_api/internal/repository/booking_repository.go:292.52,296.4 1 1
booking_api/internal/repository/booking_repository.go:298.3,303.24 1 1
booking_api/internal/repository/booking_repository.go:303.24,305.4 1 0
booking_api/internal/repository/booking_repository.go:307.3,308.38 2 1
booking_api/internal/repository/booking_repository.go:308.38,310.4 1 1
booking_api/internal/repository/booking_repository.go:312.3,318.25 1 1
booking_api/internal/repository/booking_repository.go:318.25,320.4 1 0
booking_api/internal/repository/booking_repository.go:322.3,325.13 3 1
booking_api/internal/repository/booking_repository.go:328.2,328.16 1 1
booking_api/internal/repository/booking_repository.go:328.16,330.3 1 1
booking_api/internal/repository/booking_repository.go:332.2,332.22 1 1
booking_api/internal/repository/booking_repository.go:337.90,344.16 3 1
booking_api/internal/repository/booking_repository.go:344.16,345.36 1 1
booking_api/internal/repository/booking_repository.go:345.36,347.4 1 1
booking_api/internal/repository/booking_repository.go:348.3,348.65 1 1
booking_api/internal/repository/booking_repository.go:351.2,351.22 1 1
booking_api/internal/repository/booking_repository.go:356.118,362.50 4 1
booking_api/internal/repository/booking_repository.go:362.50,364.3 1 1
booking_api/internal/repository/booking_repository.go:366.2,376.16 3 1
booking_api/internal/repository/booking_repository.go:376.16,378.3 1 0
booking_api/internal/repository/booking_repository.go:380.2,380.29 1 1
booking_api/internal/repository/booking_repository.go:385.66,389.50 3 1
booking_api/internal/repository/booking_repository.go:389.50,394.45 2 1
booking_api/internal/repository/booking_repository.go:394.45,396.4 1 1
booking_api/internal/repository/booking_repository.go:398.3,398.32 1 1
booking_api/internal/repository/booking_repository.go:398.32,400.4 1 1
booking_api/internal/repository/booking_repository.go:402.3,403.37 2 1
booking_api/internal/repository/booking_repository.go:403.37,405.4 1 1
booking_api/internal/repository/booking_repository.go:408.3,412.26 2 1
booking_api/internal/repository/booking_repository.go:412.26,414.4 1 1
booking_api/internal/repository/booking_repository.go:416.3,425.25 2 1
booking_api/internal/repository/booking_repository.go:425.25,427.4 1 0
booking_api/internal/repository/booking_repository.go:429.3,434.13 2 1
booking_api/internal/repository/booking_repository.go:437.2,437.27 1 1
booking_api/internal/repository/booking_repository.go:442.86,455.41 4 1
booking_api/internal/repository/booking_repository.go:455.41,457.3 1 1
booking_api/internal/repository/booking_repository.go:458.2,458.34 1 1
booking_api/internal/repository/booking_repository.go:458.34,460.42 2 1
booking_api/internal/repository/booking_repository.go:461.33,462.33 1 1
booking_api/internal/repository/booking_repository.go:463.36,464.36 1 1
booking_api/internal/repository/booking_repository.go:465.37,466.37 1 1
booking_api/internal/repository/booking_repository.go:467.36,468.36 1 0
booking_api/internal/repository/booking_repository.go:473.2,481.39 3 1
booking_api/internal/repository/booking_repository.go:481.39,483.3 1 0
booking_api/internal/repository/booking_repository.go:484.2,484.32 1 1
booking_api/internal/repository/booking_repository.go:484.32,486.47 2 1
booking_api/internal/repository/booking_repository.go:487.43,488.35 1 1
booking_api/internal/repository/booking_repository.go:489.41,490.33 1 1
booking_api/internal/repository/booking_repository.go:491.38,493.32 2 1
booking_api/internal/repository/booking_repository.go:498.2,506.38 3 1
booking_api/internal/repository/booking_repository.go:506.38,508.3 1 0
booking_api/internal/repository/booking_repository.go:509.2,525.40 5 1
booking_api/internal/repository/booking_repository.go:525.40,527.3 1 0
booking_api/internal/repository/booking_repository.go:530.2,531.32 2 1
booking_api/internal/repository/booking_repository.go:531.32,533.3 1 1
booking_api/internal/repository/booking_repository.go:534.2,535.26 2 1
booking_api/internal/repository/booking_repository.go:535.26,541.3 2 1
booking_api/internal/repository/booking_repository.go:542.2,544.19 2 1
booking_api/internal/application/app.go:41.46,43.16 2 1
booking_api/internal/application/app.go:43.16,45.3 1 1
booking_api/internal/application/app.go:47.2,50.16 3 1
booking_api/internal/application/app.go:50.16,52.3 1 1
booking_api/internal/application/app.go:55.2,56.26 2 1
booking_api/internal/application/app.go:56.26,61.17 5 1
booking_api/internal/application/app.go:61.17,64.4 2 0
booking_api/internal/application/app.go:65.3,69.67 2 1
booking_api/internal/application/app.go:70.8,72.3 1 1
booking_api/internal/application/app.go:74.2,103.8 14 1
booking_api/internal/application/app.go:106.31,109.2 2 1
booking_api/internal/application/app.go:111.53,114.49 2 1
booking_api/internal/application/app.go:114.49,117.3 2 0
booking_api/internal/application/app.go:119.2,123.12 4 1
booking_api/internal/application/app.go:126.39,129.43 2 1
booking_api/internal/application/app.go:129.43,132.3 2 0
booking_api/internal/application/app.go:134.2,138.12 4 1
booking_api/internal/application/app.go:141.27,142.25 1 1
booking_api/internal/application/app.go:142.25,144.17 2 1
booking_api/internal/application/app.go:144.17,146.4 1 1
booking_api/internal/application/app.go:147.3,147.26 1 1
booking_api/internal/application/app.go:147.26,149.4 1 1
booking_api/internal/application/app.go:150.3,150.25 1 1
booking_api/internal/application/app.go:150.25,152.4 1 1
